Arguments: 
  /home/ali/.nvm/versions/node/v18.17.1/bin/node /home/ali/.nvm/versions/node/v18.17.1/bin/yarn publish:minor

PATH: 
  /home/ali/.nvm/versions/node/v18.17.1/bin:/home/ali/.local/bin:/home/ali/bin:/usr/local/sbin:/usr/local/bin:/usr/sbin:/usr/bin:/sbin:/bin:/usr/games:/usr/local/games:/snap/bin:/home/ali/.local/bin:/home/ali/.local/bin:/home/ali/bin:/home/ali/AndroidSDK/tools:/home/ali/AndroidSDK/tools/bin:/home/ali/AndroidSDK/emulator:/home/ali/AndroidSDK/platform-tools

Yarn version: 
  1.22.19

Node version: 
  18.17.1

Platform: 
  linux x64

Trace: 
  SyntaxError: /home/ali/www/abrjs/package.json: Unexpected token } in JSON at position 908
      at JSON.parse (<anonymous>)
      at /home/ali/.nvm/versions/node/v18.17.1/lib/node_modules/yarn/lib/cli.js:1629:59
      at Generator.next (<anonymous>)
      at step (/home/ali/.nvm/versions/node/v18.17.1/lib/node_modules/yarn/lib/cli.js:310:30)
      at /home/ali/.nvm/versions/node/v18.17.1/lib/node_modules/yarn/lib/cli.js:321:13

npm manifest: 
  {
    "name": "wahab",
    "private": true,
    "license": "MIT",
    "workspaces": [
      "packages/*"
    ],
    "scripts": {
      "publish": "lerna publish --force-publish && git commit -am \"chore: Update changelog\" && git push origin",
      "publish:major": "lerna publish major && git commit -am \"chore: Update changelog\" && git push origin",
      "publish:minor": "lerna publish minor && git commit -am \"chore: Update changelog\" && git push origin",
      "publish:patch": "lerna publish patch && git commit -am \"chore: Update changelog\" && git push origin",
      "publish:premajor": "lerna publish premajor --preid pre --pre-dist-tag pre && git commit -am \"chore: Update version and changelog\" && git push origin",
      "publish:prerelease": "lerna publish prerelease --preid pre --pre-dist-tag pre --dist-tag pre --force-publish && git commit -am \"chore: Update version and changelog\" && git push origin",
    },
    "dependencies": {},
    "devDependencies": {
      "lerna": "^7.3.0"
    },
    "engines": {
      "node": ">= 14"
    }
  }

yarn manifest: 
  No manifest

Lockfile: 
  No lockfile
